<?xml version="1.0" encoding="UTF-8"?>
<testng-results ignored="0" total="1" passed="1" failed="0" skipped="0">
  <reporter-output>
  </reporter-output>
  <suite started-at="2024-12-21T15:31:21 IST" name="Suite" finished-at="2024-12-21T15:32:47 IST" duration-ms="85827">
    <groups>
    </groups>
    <test started-at="2024-12-21T15:31:21 IST" name="Test" finished-at="2024-12-21T15:32:47 IST" duration-ms="85827">
      <class name="testcases.LoginTest">
        <test-method is-config="true" signature="setUp()[pri:0, instance:testcases.LoginTest@483f6d77]" started-at="2024-12-21T15:31:21 IST" name="setUp" finished-at="2024-12-21T15:32:22 IST" duration-ms="60595" status="PASS">
          <reporter-output>
          </reporter-output>
        </test-method> <!-- setUp -->
        <test-method signature="loginHRM()[pri:0, instance:testcases.LoginTest@483f6d77]" started-at="2024-12-21T15:32:22 IST" name="loginHRM" finished-at="2024-12-21T15:32:45 IST" duration-ms="23667" status="PASS">
          <reporter-output>
          </reporter-output>
        </test-method> <!-- loginHRM -->
        <test-method is-config="true" signature="tearDown()[pri:0, instance:testcases.LoginTest@483f6d77]" started-at="2024-12-21T15:32:45 IST" name="tearDown" finished-at="2024-12-21T15:32:47 IST" duration-ms="1469" status="PASS">
          <reporter-output>
          </reporter-output>
        </test-method> <!-- tearDown -->
      </class> <!-- testcases.LoginTest -->
    </test> <!-- Test -->
  </suite> <!-- Suite -->
</testng-results>
