<?xml version="1.0" encoding="UTF-8"?>
<testng-results ignored="0" total="1" passed="1" failed="0" skipped="0">
  <reporter-output>
  </reporter-output>
  <suite started-at="2024-12-21T13:55:01 IST" name="Suite" finished-at="2024-12-21T13:56:15 IST" duration-ms="73844">
    <groups>
    </groups>
    <test started-at="2024-12-21T13:55:01 IST" name="Test" finished-at="2024-12-21T13:56:15 IST" duration-ms="73844">
      <class name="testcases.LoginTest">
        <test-method is-config="true" signature="setUp()[pri:0, instance:testcases.LoginTest@483f6d77]" started-at="2024-12-21T13:55:01 IST" name="setUp" finished-at="2024-12-21T13:55:52 IST" duration-ms="50623" status="PASS">
          <reporter-output>
          </reporter-output>
        </test-method> <!-- setUp -->
        <test-method signature="loginHRM()[pri:0, instance:testcases.LoginTest@483f6d77]" started-at="2024-12-21T13:55:52 IST" name="loginHRM" finished-at="2024-12-21T13:56:13 IST" duration-ms="21708" status="PASS">
          <reporter-output>
          </reporter-output>
        </test-method> <!-- loginHRM -->
        <test-method is-config="true" signature="tearDown()[pri:0, instance:testcases.LoginTest@483f6d77]" started-at="2024-12-21T13:56:13 IST" name="tearDown" finished-at="2024-12-21T13:56:15 IST" duration-ms="1316" status="PASS">
          <reporter-output>
          </reporter-output>
        </test-method> <!-- tearDown -->
      </class> <!-- testcases.LoginTest -->
    </test> <!-- Test -->
  </suite> <!-- Suite -->
</testng-results>
